<?xml version="1.0" encoding="UTF-8"?>
<!-- Generated by org.testng.reporters.JUnitReportReporter -->
<testsuite skipped="0" hostname="DESKTOP-H3FN1VC" name="com.learnautomation.testcases.LoginTestCRM" tests="1" failures="0" timestamp="2019-11-15T10:48:22 IST" time="11.947" errors="0">
  <testcase name="loginApp" time="11.947" classname="com.learnautomation.testcases.LoginTestCRM"/>
</testsuite> <!-- com.learnautomation.testcases.LoginTestCRM -->
